<?xml version="1.0" encoding="UTF-8"?>
<testsuite xmlns:xsi="http://www.w3.org/2001/XMLSchema-instance" xsi:noNamespaceSchemaLocation="https://maven.apache.org/surefire/maven-surefire-plugin/xsd/surefire-test-report-3.0.xsd" version="3.0" name="memstore.table.ColumnSumTest" time="0.012" tests="3" errors="0" skipped="0" failures="3">
  <properties>
[...]
</properties>
  <testcase name="testIndexedTable" classname="memstore.table.ColumnSumTest" time="0.006">
    <failure message="expected:&lt;68&gt; but was:&lt;0&gt;" type="java.lang.AssertionError"><![CDATA[java.lang.AssertionError: expected:<68> but was:<0>
	at memstore.table.ColumnSumTest.testIndexedTable(ColumnSumTest.java:43)
]]></failure>
  </testcase>
  <testcase name="testColumnTable" classname="memstore.table.ColumnSumTest" time="0.012">
    <failure message="expected:&lt;68&gt; but was:&lt;0&gt;" type="java.lang.AssertionError"><![CDATA[java.lang.AssertionError: expected:<68> but was:<0>
	at memstore.table.ColumnSumTest.testColumnTable(ColumnSumTest.java:36)
]]></failure>
  </testcase>
  <testcase name="testRowTable" classname="memstore.table.ColumnSumTest" time="0.012">
    <failure message="expected:&lt;68&gt; but was:&lt;0&gt;" type="java.lang.AssertionError"><![CDATA[java.lang.AssertionError: expected:<68> but was:<0>
	at memstore.table.ColumnSumTest.testRowTable(ColumnSumTest.java:29)
]]></failure>
  </testcase>
</testsuite>